2024-08-09 17:53:19,566 DEBUG [main] cache:44 - Couldn't find template in cache for "spark/spark.spa.ftl"("en_US", UTF-8, parsed); will try to load it.
2024-08-09 17:53:19,569 DEBUG [main] cache:44 - TemplateLoader.findTemplateSource("spark/spark.spa_en_US.ftl"): Not found
2024-08-09 17:53:19,572 DEBUG [main] cache:44 - TemplateLoader.findTemplateSource("spark/spark.spa_en.ftl"): Not found
2024-08-09 17:53:19,574 DEBUG [main] cache:44 - TemplateLoader.findTemplateSource("spark/spark.spa.ftl"): Found
2024-08-09 17:53:19,575 DEBUG [main] cache:44 - Loading template for "spark/spark.spa.ftl"("en_US", UTF-8, parsed) from "jar:file:/C:/Users/MitangiPatel/.m2/repository/com/aventstack/extentreports/4.1.3/extentreports-4.1.3.jar!/com/aventstack/extentreports/view/spark/spark.spa.ftl"
2024-08-09 17:53:19,732 DEBUG [main] cache:44 - Couldn't find template in cache for "commons/commons-variables.ftl"("en_US", UTF-8, parsed); will try to load it.
2024-08-09 17:53:19,732 DEBUG [main] cache:44 - TemplateLoader.findTemplateSource("commons/commons-variables_en_US.ftl"): Not found
2024-08-09 17:53:19,733 DEBUG [main] cache:44 - TemplateLoader.findTemplateSource("commons/commons-variables_en.ftl"): Not found
2024-08-09 17:53:19,735 DEBUG [main] cache:44 - TemplateLoader.findTemplateSource("commons/commons-variables.ftl"): Found
2024-08-09 17:53:19,735 DEBUG [main] cache:44 - Loading template for "commons/commons-variables.ftl"("en_US", UTF-8, parsed) from "jar:file:/C:/Users/MitangiPatel/.m2/repository/com/aventstack/extentreports/4.1.3/extentreports-4.1.3.jar!/com/aventstack/extentreports/view/commons/commons-variables.ftl"
2024-08-09 17:53:19,802 DEBUG [main] cache:44 - Couldn't find template in cache for "commons/commons-macros.ftl"("en_US", UTF-8, parsed); will try to load it.
2024-08-09 17:53:19,803 DEBUG [main] cache:44 - TemplateLoader.findTemplateSource("commons/commons-macros_en_US.ftl"): Not found
2024-08-09 17:53:19,807 DEBUG [main] cache:44 - TemplateLoader.findTemplateSource("commons/commons-macros_en.ftl"): Not found
2024-08-09 17:53:19,809 DEBUG [main] cache:44 - TemplateLoader.findTemplateSource("commons/commons-macros.ftl"): Found
2024-08-09 17:53:19,817 DEBUG [main] cache:44 - Loading template for "commons/commons-macros.ftl"("en_US", UTF-8, parsed) from "jar:file:/C:/Users/MitangiPatel/.m2/repository/com/aventstack/extentreports/4.1.3/extentreports-4.1.3.jar!/com/aventstack/extentreports/view/commons/commons-macros.ftl"
2024-08-09 17:53:19,835 DEBUG [main] cache:44 - Couldn't find template in cache for "spark/macros/attributes.ftl"("en_US", UTF-8, parsed); will try to load it.
2024-08-09 17:53:19,838 DEBUG [main] cache:44 - TemplateLoader.findTemplateSource("spark/macros/attributes_en_US.ftl"): Not found
2024-08-09 17:53:19,840 DEBUG [main] cache:44 - TemplateLoader.findTemplateSource("spark/macros/attributes_en.ftl"): Not found
2024-08-09 17:53:19,842 DEBUG [main] cache:44 - TemplateLoader.findTemplateSource("spark/macros/attributes.ftl"): Found
2024-08-09 17:53:19,843 DEBUG [main] cache:44 - Loading template for "spark/macros/attributes.ftl"("en_US", UTF-8, parsed) from "jar:file:/C:/Users/MitangiPatel/.m2/repository/com/aventstack/extentreports/4.1.3/extentreports-4.1.3.jar!/com/aventstack/extentreports/view/spark/macros/attributes.ftl"
2024-08-09 17:53:19,850 DEBUG [main] cache:44 - Couldn't find template in cache for "spark/macros/log.ftl"("en_US", UTF-8, parsed); will try to load it.
2024-08-09 17:53:19,853 DEBUG [main] cache:44 - TemplateLoader.findTemplateSource("spark/macros/log_en_US.ftl"): Not found
2024-08-09 17:53:19,854 DEBUG [main] cache:44 - TemplateLoader.findTemplateSource("spark/macros/log_en.ftl"): Not found
2024-08-09 17:53:19,857 DEBUG [main] cache:44 - TemplateLoader.findTemplateSource("spark/macros/log.ftl"): Found
2024-08-09 17:53:19,857 DEBUG [main] cache:44 - Loading template for "spark/macros/log.ftl"("en_US", UTF-8, parsed) from "jar:file:/C:/Users/MitangiPatel/.m2/repository/com/aventstack/extentreports/4.1.3/extentreports-4.1.3.jar!/com/aventstack/extentreports/view/spark/macros/log.ftl"
2024-08-09 17:53:19,863 DEBUG [main] cache:44 - Couldn't find template in cache for "spark/macros/recurse_nodes.ftl"("en_US", UTF-8, parsed); will try to load it.
2024-08-09 17:53:19,864 DEBUG [main] cache:44 - TemplateLoader.findTemplateSource("spark/macros/recurse_nodes_en_US.ftl"): Not found
2024-08-09 17:53:19,869 DEBUG [main] cache:44 - TemplateLoader.findTemplateSource("spark/macros/recurse_nodes_en.ftl"): Not found
2024-08-09 17:53:19,871 DEBUG [main] cache:44 - TemplateLoader.findTemplateSource("spark/macros/recurse_nodes.ftl"): Found
2024-08-09 17:53:19,871 DEBUG [main] cache:44 - Loading template for "spark/macros/recurse_nodes.ftl"("en_US", UTF-8, parsed) from "jar:file:/C:/Users/MitangiPatel/.m2/repository/com/aventstack/extentreports/4.1.3/extentreports-4.1.3.jar!/com/aventstack/extentreports/view/spark/macros/recurse_nodes.ftl"
2024-08-09 17:53:19,876 DEBUG [main] cache:44 - "spark/macros/log.ftl"("en_US", UTF-8, parsed) cached copy not yet stale; using cached.
2024-08-09 17:53:19,886 DEBUG [main] cache:44 - Couldn't find template in cache for "spark/partials/head.ftl"("en_US", UTF-8, parsed); will try to load it.
2024-08-09 17:53:19,889 DEBUG [main] cache:44 - TemplateLoader.findTemplateSource("spark/partials/head_en_US.ftl"): Not found
2024-08-09 17:53:19,890 DEBUG [main] cache:44 - TemplateLoader.findTemplateSource("spark/partials/head_en.ftl"): Not found
2024-08-09 17:53:19,892 DEBUG [main] cache:44 - TemplateLoader.findTemplateSource("spark/partials/head.ftl"): Found
2024-08-09 17:53:19,892 DEBUG [main] cache:44 - Loading template for "spark/partials/head.ftl"("en_US", UTF-8, parsed) from "jar:file:/C:/Users/MitangiPatel/.m2/repository/com/aventstack/extentreports/4.1.3/extentreports-4.1.3.jar!/com/aventstack/extentreports/view/spark/partials/head.ftl"
2024-08-09 17:53:19,897 DEBUG [main] cache:44 - Couldn't find template in cache for "commons/commons-inject-css.ftl"("en_US", UTF-8, parsed); will try to load it.
2024-08-09 17:53:19,903 DEBUG [main] cache:44 - TemplateLoader.findTemplateSource("commons/commons-inject-css_en_US.ftl"): Not found
2024-08-09 17:53:19,913 DEBUG [main] cache:44 - TemplateLoader.findTemplateSource("commons/commons-inject-css_en.ftl"): Not found
2024-08-09 17:53:19,927 DEBUG [main] cache:44 - TemplateLoader.findTemplateSource("commons/commons-inject-css.ftl"): Found
2024-08-09 17:53:19,931 DEBUG [main] cache:44 - Loading template for "commons/commons-inject-css.ftl"("en_US", UTF-8, parsed) from "jar:file:/C:/Users/MitangiPatel/.m2/repository/com/aventstack/extentreports/4.1.3/extentreports-4.1.3.jar!/com/aventstack/extentreports/view/commons/commons-inject-css.ftl"
2024-08-09 17:53:19,938 DEBUG [main] cache:44 - Couldn't find template in cache for "spark/partials/navbar.ftl"("en_US", UTF-8, parsed); will try to load it.
2024-08-09 17:53:19,940 DEBUG [main] cache:44 - TemplateLoader.findTemplateSource("spark/partials/navbar_en_US.ftl"): Not found
2024-08-09 17:53:19,945 DEBUG [main] cache:44 - TemplateLoader.findTemplateSource("spark/partials/navbar_en.ftl"): Not found
2024-08-09 17:53:19,946 DEBUG [main] cache:44 - TemplateLoader.findTemplateSource("spark/partials/navbar.ftl"): Found
2024-08-09 17:53:19,947 DEBUG [main] cache:44 - Loading template for "spark/partials/navbar.ftl"("en_US", UTF-8, parsed) from "jar:file:/C:/Users/MitangiPatel/.m2/repository/com/aventstack/extentreports/4.1.3/extentreports-4.1.3.jar!/com/aventstack/extentreports/view/spark/partials/navbar.ftl"
2024-08-09 17:53:19,958 DEBUG [main] cache:44 - Couldn't find template in cache for "spark/partials/sidenav.ftl"("en_US", UTF-8, parsed); will try to load it.
2024-08-09 17:53:19,959 DEBUG [main] cache:44 - TemplateLoader.findTemplateSource("spark/partials/sidenav_en_US.ftl"): Not found
2024-08-09 17:53:19,961 DEBUG [main] cache:44 - TemplateLoader.findTemplateSource("spark/partials/sidenav_en.ftl"): Not found
2024-08-09 17:53:19,966 DEBUG [main] cache:44 - TemplateLoader.findTemplateSource("spark/partials/sidenav.ftl"): Found
2024-08-09 17:53:19,977 DEBUG [main] cache:44 - Loading template for "spark/partials/sidenav.ftl"("en_US", UTF-8, parsed) from "jar:file:/C:/Users/MitangiPatel/.m2/repository/com/aventstack/extentreports/4.1.3/extentreports-4.1.3.jar!/com/aventstack/extentreports/view/spark/partials/sidenav.ftl"
2024-08-09 17:53:19,985 DEBUG [main] cache:44 - Couldn't find template in cache for "spark/partials/test.ftl"("en_US", UTF-8, parsed); will try to load it.
2024-08-09 17:53:19,996 DEBUG [main] cache:44 - TemplateLoader.findTemplateSource("spark/partials/test_en_US.ftl"): Not found
2024-08-09 17:53:20,002 DEBUG [main] cache:44 - TemplateLoader.findTemplateSource("spark/partials/test_en.ftl"): Not found
2024-08-09 17:53:20,007 DEBUG [main] cache:44 - TemplateLoader.findTemplateSource("spark/partials/test.ftl"): Found
2024-08-09 17:53:20,010 DEBUG [main] cache:44 - Loading template for "spark/partials/test.ftl"("en_US", UTF-8, parsed) from "jar:file:/C:/Users/MitangiPatel/.m2/repository/com/aventstack/extentreports/4.1.3/extentreports-4.1.3.jar!/com/aventstack/extentreports/view/spark/partials/test.ftl"
2024-08-09 17:53:20,129 DEBUG [main] cache:44 - Couldn't find template in cache for "spark/partials/standard-content.ftl"("en_US", UTF-8, parsed); will try to load it.
2024-08-09 17:53:20,136 DEBUG [main] cache:44 - TemplateLoader.findTemplateSource("spark/partials/standard-content_en_US.ftl"): Not found
2024-08-09 17:53:20,140 DEBUG [main] cache:44 - TemplateLoader.findTemplateSource("spark/partials/standard-content_en.ftl"): Not found
2024-08-09 17:53:20,143 DEBUG [main] cache:44 - TemplateLoader.findTemplateSource("spark/partials/standard-content.ftl"): Found
2024-08-09 17:53:20,147 DEBUG [main] cache:44 - Loading template for "spark/partials/standard-content.ftl"("en_US", UTF-8, parsed) from "jar:file:/C:/Users/MitangiPatel/.m2/repository/com/aventstack/extentreports/4.1.3/extentreports-4.1.3.jar!/com/aventstack/extentreports/view/spark/partials/standard-content.ftl"
2024-08-09 17:53:20,159 DEBUG [main] cache:44 - "spark/partials/standard-content.ftl"("en_US", UTF-8, parsed) cached copy not yet stale; using cached.
2024-08-09 17:53:20,164 DEBUG [main] cache:44 - "spark/partials/standard-content.ftl"("en_US", UTF-8, parsed) cached copy not yet stale; using cached.
2024-08-09 17:53:20,170 DEBUG [main] cache:44 - "spark/partials/standard-content.ftl"("en_US", UTF-8, parsed) cached copy not yet stale; using cached.
2024-08-09 17:53:20,180 DEBUG [main] cache:44 - "spark/partials/standard-content.ftl"("en_US", UTF-8, parsed) cached copy not yet stale; using cached.
2024-08-09 17:53:20,192 DEBUG [main] cache:44 - Couldn't find template in cache for "spark/partials/dashboard.ftl"("en_US", UTF-8, parsed); will try to load it.
2024-08-09 17:53:20,196 DEBUG [main] cache:44 - TemplateLoader.findTemplateSource("spark/partials/dashboard_en_US.ftl"): Not found
2024-08-09 17:53:20,202 DEBUG [main] cache:44 - TemplateLoader.findTemplateSource("spark/partials/dashboard_en.ftl"): Not found
2024-08-09 17:53:20,205 DEBUG [main] cache:44 - TemplateLoader.findTemplateSource("spark/partials/dashboard.ftl"): Found
2024-08-09 17:53:20,210 DEBUG [main] cache:44 - Loading template for "spark/partials/dashboard.ftl"("en_US", UTF-8, parsed) from "jar:file:/C:/Users/MitangiPatel/.m2/repository/com/aventstack/extentreports/4.1.3/extentreports-4.1.3.jar!/com/aventstack/extentreports/view/spark/partials/dashboard.ftl"
2024-08-09 17:53:20,324 DEBUG [main] cache:44 - Couldn't find template in cache for "spark/partials/scripts.ftl"("en_US", UTF-8, parsed); will try to load it.
2024-08-09 17:53:20,373 DEBUG [main] cache:44 - TemplateLoader.findTemplateSource("spark/partials/scripts_en_US.ftl"): Not found
2024-08-09 17:53:20,380 DEBUG [main] cache:44 - TemplateLoader.findTemplateSource("spark/partials/scripts_en.ftl"): Not found
2024-08-09 17:53:20,389 DEBUG [main] cache:44 - TemplateLoader.findTemplateSource("spark/partials/scripts.ftl"): Found
2024-08-09 17:53:20,393 DEBUG [main] cache:44 - Loading template for "spark/partials/scripts.ftl"("en_US", UTF-8, parsed) from "jar:file:/C:/Users/MitangiPatel/.m2/repository/com/aventstack/extentreports/4.1.3/extentreports-4.1.3.jar!/com/aventstack/extentreports/view/spark/partials/scripts.ftl"
